15:36:53 **** Clean-only build of configuration Default for project game_of_life ****
xmake clean 
Cleaning /home/bmiki/CS/Concurrent Computing/workspace/COMS20001/game_of_life
rm -rf './bin/'
rm -rf '.build'
15:36:57 **** Build of configuration Default for project game_of_life ****
xmake all 
Checking build modules
Using build modules: lib_i2c(3.0.0) lib_logging(2.0.0) lib_xassert(2.0.0)
Analyzing pgmIO.c
Analyzing debug_printf.c
Analyzing main.xc
Analyzing i2c_master_async.xc
/home/bmiki/CS/Concurrent Computing/workspace/COMS20001/lib_i2c/src/i2c_master_async.xc:126:26: warning: argument 1 of `i2c_master_async_aux' slices interface preventing analysis of its parallel usage [-Wunusual-code]
    i2c_master_async_aux(i, n, i2c_dist[0], max_transaction_size);
                         ^
Analyzing i2c_master_ext.xc
Analyzing i2c_master_single_port.xc
Analyzing i2c_master.xc
Analyzing i2c_slave.xc
Analyzing xassert.xc
Propagating analysis
Creating dependencies for xassert.xc
Creating dependencies for i2c_slave.xc
Creating dependencies for i2c_master.xc
Creating dependencies for i2c_master_single_port.xc
Creating dependencies for i2c_master_ext.xc
Creating dependencies for i2c_master_async.xc
Creating dependencies for main.xc
Creating dependencies for debug_printf.c
Creating dependencies for pgmIO.c
Compiling pgmIO.c
Compiling debug_printf.c
Compiling main.xc
Compiling i2c_master_async.xc
/home/bmiki/CS/Concurrent Computing/workspace/COMS20001/lib_i2c/src/i2c_master_async.xc:126:26: warning: argument 1 of `i2c_master_async_aux' slices interface preventing analysis of its parallel usage [-Wunusual-code]
    i2c_master_async_aux(i, n, i2c_dist[0], max_transaction_size);
                         ^
Compiling i2c_master_ext.xc
Compiling i2c_master_single_port.xc
Compiling i2c_master.xc
Compiling i2c_slave.xc
Compiling xassert.xc
Creating game_of_life.xe
Build Complete
15:37:44 **** Incremental Build of configuration Default for project game_of_life ****
xmake all 
Checking build modules
Using build modules: lib_i2c(3.0.0) lib_logging(2.0.0) lib_xassert(2.0.0)
xmake[1]: `bin//game_of_life.xe' is up to date.
Build Complete
15:45:27 **** Incremental Build of configuration Default for project game_of_life ****
xmake all 
Checking build modules
Using build modules: lib_i2c(3.0.0) lib_logging(2.0.0) lib_xassert(2.0.0)
Analyzing main.xc
../src/main.xc:140:46: error: unknown function identifier `min' (possibly missing prototype?)
                            int maxIntSize = min(32, IMWD);
                                             ^
xmake[1]: *** [.build/src/main.xc.pca.xml.decouple] Error 1
xmake: *** [analyze] Error 2
15:46:04 **** Incremental Build of configuration Default for project game_of_life ****
xmake all 
Checking build modules
Using build modules: lib_i2c(3.0.0) lib_logging(2.0.0) lib_xassert(2.0.0)
Analyzing main.xc
Propagating analysis
Creating dependencies for main.xc
Compiling main.xc
Creating game_of_life.xe
Build Complete
15:49:59 **** Incremental Build of configuration Default for project game_of_life ****
xmake all 
Checking build modules
Using build modules: lib_i2c(3.0.0) lib_logging(2.0.0) lib_xassert(2.0.0)
Analyzing main.xc
Creating dependencies for main.xc
Compiling main.xc
Creating game_of_life.xe
Build Complete
15:56:01 **** Incremental Build of configuration Default for project game_of_life ****
xmake all 
Checking build modules
Using build modules: lib_i2c(3.0.0) lib_logging(2.0.0) lib_xassert(2.0.0)
Analyzing main.xc
Creating dependencies for main.xc
Compiling main.xc
Creating game_of_life.xe
Constraint check for tile[0]:
  Cores available:            8,   used:          7 .  OKAY
  Timers available:          10,   used:          7 .  OKAY
  Chanends available:        32,   used:         22 .  OKAY
  Memory available:       262144,   used:      578240 .  FAILED
    (Stack: 547740, Code: 28896, Data: 1604)
Error: Constraints check FAILED for tile[0].
xmake[1]: *** [bin//game_of_life.xe] Error 1
xmake: *** [bin//game_of_life.xe] Error 2
15:56:25 **** Incremental Build of configuration Default for project game_of_life ****
xmake all 
Checking build modules
Using build modules: lib_i2c(3.0.0) lib_logging(2.0.0) lib_xassert(2.0.0)
Analyzing main.xc
Creating dependencies for main.xc
Compiling main.xc
Creating game_of_life.xe
Constraint check for tile[0]:
  Cores available:            8,   used:          7 .  OKAY
  Timers available:          10,   used:          7 .  OKAY
  Chanends available:        32,   used:         22 .  OKAY
  Memory available:       262144,   used:      578240 .  FAILED
    (Stack: 547740, Code: 28896, Data: 1604)
Error: Constraints check FAILED for tile[0].
xmake[1]: *** [bin//game_of_life.xe] Error 1
xmake: *** [bin//game_of_life.xe] Error 2
15:59:40 **** Incremental Build of configuration Default for project game_of_life ****
xmake all 
Checking build modules
Using build modules: lib_i2c(3.0.0) lib_logging(2.0.0) lib_xassert(2.0.0)
Analyzing main.xc
../src/main.xc:473:27: error: unknown function identifier `circularLeftShift' (possibly missing prototype?)
    addToRow(newRowCount, circularLeftShift(selfCopy, length), length);
                          ^
../src/main.xc:473:5: error: unknown function identifier `addToRow' (possibly missing prototype?)
    addToRow(newRowCount, circularLeftShift(selfCopy, length), length);
    ^
../src/main.xc:475:27: error: unknown function identifier `circularRightShift' (possibly missing prototype?)
    addToRow(newRowCount, circularRightShift(selfCopy, length), length);
                          ^
../src/main.xc:477:5: error: unknown function identifier `addThreeRows' (possibly missing prototype?)
    addThreeRows(newRowCount, top, length);
    ^
xmake[1]: *** [.build/src/main.xc.pca.xml.decouple] Error 1
xmake: *** [analyze] Error 2
16:00:08 **** Incremental Build of configuration Default for project game_of_life ****
xmake all 
Checking build modules
Using build modules: lib_i2c(3.0.0) lib_logging(2.0.0) lib_xassert(2.0.0)
Analyzing main.xc
../src/main.xc:432:32: error: unknown function identifier `circularLeftShift' (possibly missing prototype?)
    unsigned int leftShifted = circularLeftShift(added, length);
                               ^
../src/main.xc:433:33: error: unknown function identifier `circularRightShift' (possibly missing prototype?)
    unsigned int rightShifted = circularRightShift(added, length);
                                ^
../src/main.xc:473:27: error: unknown function identifier `circularLeftShift' (possibly missing prototype?)
    addToRow(newRowCount, circularLeftShift(selfCopy, length), length);
                          ^
../src/main.xc:475:27: error: unknown function identifier `circularRightShift' (possibly missing prototype?)
    addToRow(newRowCount, circularRightShift(selfCopy, length), length);
                          ^
xmake[1]: *** [.build/src/main.xc.pca.xml.decouple] Error 1
xmake: *** [analyze] Error 2
16:00:31 **** Incremental Build of configuration Default for project game_of_life ****
xmake all 
Checking build modules
Using build modules: lib_i2c(3.0.0) lib_logging(2.0.0) lib_xassert(2.0.0)
Analyzing main.xc
Propagating analysis
Creating dependencies for main.xc
Compiling main.xc
Creating game_of_life.xe
Constraint check for tile[0]:
  Cores available:            8,   used:          7 .  OKAY
  Timers available:          10,   used:          7 .  OKAY
  Chanends available:        32,   used:         22 .  OKAY
  Memory available:       262144,   used:      578240 .  FAILED
    (Stack: 547740, Code: 28896, Data: 1604)
Error: Constraints check FAILED for tile[0].
xmake[1]: *** [bin//game_of_life.xe] Error 1
xmake: *** [bin//game_of_life.xe] Error 2
16:05:01 **** Incremental Build of configuration Default for project game_of_life ****
xmake all 
Checking build modules
Using build modules: lib_i2c(3.0.0) lib_logging(2.0.0) lib_xassert(2.0.0)
Analyzing main.xc
../src/main.xc:288:13: error: invalid lvalue in assignment
            oldRowData = newRowData[k];
            ^~~~~~~~~~
../src/main.xc:288:24: error: incompatible types in assignment
            oldRowData = newRowData[k];
            ~~~~~~~~~~~^~~~~~~~~~~~~~~
../src/main.xc:290:13: error: invalid lvalue in assignment
            oldOldRowData = oldRowData;
            ^~~~~~~~~~~~~
../src/main.xc:290:27: error: incompatible types in assignment
            oldOldRowData = oldRowData;
            ~~~~~~~~~~~~~~^~~~~~~~~~~~
../src/main.xc:303:44: error: subscripted value is not an array or pointer
                        fromDistributor <: oldRowData[j][d];
                                           ^~~~~~~~~~~~~
../src/main.xc:303:44: error: incompatible types in output
                        fromDistributor <: oldRowData[j][d];
                                           ^~~~~~~~~~~~~~~~
xmake[1]: *** [.build/src/main.xc.pca.xml.decouple] Error 1
xmake: *** [analyze] Error 2
16:06:28 **** Incremental Build of configuration Default for project game_of_life ****
xmake all 
Checking build modules
Using build modules: lib_i2c(3.0.0) lib_logging(2.0.0) lib_xassert(2.0.0)
Analyzing main.xc
Creating dependencies for main.xc
Compiling main.xc
Creating game_of_life.xe
Constraint check for tile[0]:
  Cores available:            8,   used:          7 .  OKAY
  Timers available:          10,   used:          7 .  OKAY
  Chanends available:        32,   used:         22 .  OKAY
  Memory available:       262144,   used:      316160 .  FAILED
    (Stack: 285628, Code: 28928, Data: 1604)
Error: Constraints check FAILED for tile[0].
xmake[1]: *** [bin//game_of_life.xe] Error 1
xmake: *** [bin//game_of_life.xe] Error 2
16:08:56 **** Incremental Build of configuration Default for project game_of_life ****
xmake all 
Checking build modules
Using build modules: lib_i2c(3.0.0) lib_logging(2.0.0) lib_xassert(2.0.0)
Analyzing main.xc
Propagating analysis
Creating dependencies for main.xc
Compiling main.xc
Creating game_of_life.xe
Constraint check for tile[0]:
  Cores available:            8,   used:          7 .  OKAY
  Timers available:          10,   used:          7 .  OKAY
  Chanends available:        32,   used:         22 .  OKAY
  Memory available:       262144,   used:      311688 .  FAILED
    (Stack: 281372, Code: 28708, Data: 1608)
Error: Constraints check FAILED for tile[0].
xmake[1]: *** [bin//game_of_life.xe] Error 1
xmake: *** [bin//game_of_life.xe] Error 2
16:11:19 **** Incremental Build of configuration Default for project game_of_life ****
xmake all 
Checking build modules
Using build modules: lib_i2c(3.0.0) lib_logging(2.0.0) lib_xassert(2.0.0)
Analyzing main.xc
Propagating analysis
Creating dependencies for main.xc
Compiling main.xc
Creating game_of_life.xe
Constraint check for tile[0]:
  Cores available:            8,   used:          7 .  OKAY
  Timers available:          10,   used:          7 .  OKAY
  Chanends available:        32,   used:         22 .  OKAY
  Memory available:       262144,   used:      307296 .  FAILED
    (Stack: 277116, Code: 28572, Data: 1608)
Error: Constraints check FAILED for tile[0].
xmake[1]: *** [bin//game_of_life.xe] Error 1
xmake: *** [bin//game_of_life.xe] Error 2
16:12:11 **** Incremental Build of configuration Default for project game_of_life ****
xmake all 
Checking build modules
Using build modules: lib_i2c(3.0.0) lib_logging(2.0.0) lib_xassert(2.0.0)
Analyzing main.xc
Creating dependencies for main.xc
Compiling main.xc
Creating game_of_life.xe
Constraint check for tile[0]:
  Cores available:            8,   used:          7 .  OKAY
  Timers available:          10,   used:          7 .  OKAY
  Chanends available:        32,   used:         22 .  OKAY
  Memory available:       262144,   used:      307296 .  FAILED
    (Stack: 277116, Code: 28572, Data: 1608)
Error: Constraints check FAILED for tile[0].
xmake[1]: *** [bin//game_of_life.xe] Error 1
xmake: *** [bin//game_of_life.xe] Error 2
16:12:34 **** Incremental Build of configuration Default for project game_of_life ****
xmake all 
Checking build modules
Using build modules: lib_i2c(3.0.0) lib_logging(2.0.0) lib_xassert(2.0.0)
Analyzing main.xc
Propagating analysis
Creating dependencies for main.xc
Compiling main.xc
Creating game_of_life.xe
Constraint check for tile[0]:
  Cores available:            8,   used:          7 .  OKAY
  Timers available:          10,   used:          7 .  OKAY
  Chanends available:        32,   used:         22 .  OKAY
  Memory available:       262144,   used:      306080 .  FAILED
    (Stack: 276924, Code: 27548, Data: 1608)
Error: Constraints check FAILED for tile[0].
xmake[1]: *** [bin//game_of_life.xe] Error 1
xmake: *** [bin//game_of_life.xe] Error 2
16:12:47 **** Incremental Build of configuration Default for project game_of_life ****
xmake all 
Checking build modules
Using build modules: lib_i2c(3.0.0) lib_logging(2.0.0) lib_xassert(2.0.0)
Analyzing main.xc
Propagating analysis
Creating dependencies for main.xc
Compiling main.xc
Creating game_of_life.xe
Constraint check for tile[0]:
  Cores available:            8,   used:          7 .  OKAY
  Timers available:          10,   used:          7 .  OKAY
  Chanends available:        32,   used:         22 .  OKAY
  Memory available:       262144,   used:      307296 .  FAILED
    (Stack: 277116, Code: 28572, Data: 1608)
Error: Constraints check FAILED for tile[0].
xmake[1]: *** [bin//game_of_life.xe] Error 1
xmake: *** [bin//game_of_life.xe] Error 2
16:14:24 **** Incremental Build of configuration Default for project game_of_life ****
xmake all 
Checking build modules
Using build modules: lib_i2c(3.0.0) lib_logging(2.0.0) lib_xassert(2.0.0)
Analyzing main.xc
Creating dependencies for main.xc
Compiling main.xc
Creating game_of_life.xe
Constraint check for tile[0]:
  Cores available:            8,   used:          6 .  OKAY
  Timers available:          10,   used:          6 .  OKAY
  Chanends available:        32,   used:         20 .  OKAY
  Memory available:       262144,   used:      306184 .  FAILED
    (Stack: 276348, Code: 28240, Data: 1596)
Error: Constraints check FAILED for tile[0].
xmake[1]: *** [bin//game_of_life.xe] Error 1
xmake: *** [bin//game_of_life.xe] Error 2
21:19:49 **** Incremental Build of configuration Default for project game_of_life ****
xmake all 
Checking build modules
Using build modules: lib_i2c(3.0.0) lib_logging(2.0.0) lib_xassert(2.0.0)
Analyzing main.xc
../src/main.xc:274:44: error: index of array exceeds its upper bound
                bottomChannel <: oldRowData[ROWS_PER_THREAD][h];
                                           ^~~~~~~~~~~~~~~~~
../src/main.xc:275:61: error: index of array exceeds its upper bound
                bottomChannel :> oldRowData[ROWS_PER_THREAD + 1][h];
                                           ~~~~~~~~~~~~~~~~~^~~~
../src/main.xc:280:61: error: index of array exceeds its upper bound
                bottomChannel :> oldRowData[ROWS_PER_THREAD + 1][g];
                                           ~~~~~~~~~~~~~~~~~^~~~
../src/main.xc:283:44: error: index of array exceeds its upper bound
                bottomChannel <: oldRowData[ROWS_PER_THREAD][g];
                                           ^~~~~~~~~~~~~~~~~
../src/main.xc:287:65: error: use of undeclared identifer `oldwRowData'
            generateNewLargeRow(oldRowData[k-1], oldRowData[k], oldwRowData[k+1], newRowData[k],IMWD);
                                                                ^
xmake[1]: *** [.build/src/main.xc.pca.xml.decouple] Error 1
xmake: *** [analyze] Error 2
21:20:25 **** Incremental Build of configuration Default for project game_of_life ****
xmake all 
Checking build modules
Using build modules: lib_i2c(3.0.0) lib_logging(2.0.0) lib_xassert(2.0.0)
Analyzing main.xc
../src/main.xc:287:65: error: use of undeclared identifer `oldwRowData'
            generateNewLargeRow(oldRowData[k-1], oldRowData[k], oldwRowData[k+1], newRowData[k],IMWD);
                                                                ^
xmake[1]: *** [.build/src/main.xc.pca.xml.decouple] Error 1
xmake: *** [analyze] Error 2
21:20:38 **** Incremental Build of configuration Default for project game_of_life ****
xmake all 
Checking build modules
Using build modules: lib_i2c(3.0.0) lib_logging(2.0.0) lib_xassert(2.0.0)
Analyzing main.xc
Propagating analysis
Creating dependencies for main.xc
Compiling main.xc
Creating game_of_life.xe
Constraint check for tile[0]:
  Cores available:            8,   used:          7 .  OKAY
  Timers available:          10,   used:          7 .  OKAY
  Chanends available:        32,   used:         22 .  OKAY
  Memory available:       262144,   used:      573768 .  FAILED
    (Stack: 543484, Code: 28676, Data: 1608)
Error: Constraints check FAILED for tile[0].
xmake[1]: *** [bin//game_of_life.xe] Error 1
xmake: *** [bin//game_of_life.xe] Error 2
21:20:52 **** Incremental Build of configuration Default for project game_of_life ****
xmake all 
Checking build modules
Using build modules: lib_i2c(3.0.0) lib_logging(2.0.0) lib_xassert(2.0.0)
Analyzing main.xc
Creating dependencies for main.xc
Compiling main.xc
Creating game_of_life.xe
Build Complete
00:19:56 **** Incremental Build of configuration Default for project game_of_life ****
xmake all 
Checking build modules
Using build modules: lib_i2c(3.0.0) lib_logging(2.0.0) lib_xassert(2.0.0)
Analyzing main.xc
Propagating analysis
Creating dependencies for main.xc
Compiling main.xc
Creating game_of_life.xe
Build Complete
00:20:35 **** Incremental Build of configuration Default for project game_of_life ****
xmake all 
Checking build modules
Using build modules: lib_i2c(3.0.0) lib_logging(2.0.0) lib_xassert(2.0.0)
Analyzing main.xc
Creating dependencies for main.xc
Compiling main.xc
Creating game_of_life.xe
Build Complete
14:11:06 **** Incremental Build of configuration Default for project game_of_life ****
xmake all 
Checking build modules
Using build modules: lib_i2c(3.0.0) lib_logging(2.0.0) lib_xassert(2.0.0)
Analyzing main.xc
../src/main.xc:488:21: error: use of undeclared identifer `j'
                if (j != length-1) newRow = newRow << 1;
                    ^
../src/main.xc:488:26: error: use of undeclared identifer `length'
                if (j != length-1) newRow = newRow << 1;
                         ^
xmake[1]: *** [.build/src/main.xc.pca.xml.decouple] Error 1
xmake: *** [analyze] Error 2
14:11:18 **** Incremental Build of configuration Default for project game_of_life ****
xmake all 
Checking build modules
Using build modules: lib_i2c(3.0.0) lib_logging(2.0.0) lib_xassert(2.0.0)
Analyzing main.xc
../src/main.xc:488:26: error: use of undeclared identifer `length'
                if (p != length-1) newRow = newRow << 1;
                         ^
xmake[1]: *** [.build/src/main.xc.pca.xml.decouple] Error 1
xmake: *** [analyze] Error 2
14:11:30 **** Incremental Build of configuration Default for project game_of_life ****
xmake all 
Checking build modules
Using build modules: lib_i2c(3.0.0) lib_logging(2.0.0) lib_xassert(2.0.0)
Analyzing main.xc
Propagating analysis
Creating dependencies for main.xc
Compiling main.xc
Creating game_of_life.xe
Build Complete
14:12:40 **** Incremental Build of configuration Default for project game_of_life ****
xmake all 
Checking build modules
Using build modules: lib_i2c(3.0.0) lib_logging(2.0.0) lib_xassert(2.0.0)
xmake[1]: `bin//game_of_life.xe' is up to date.
Build Complete
14:13:43 **** Incremental Build of configuration Default for project game_of_life ****
xmake all 
Checking build modules
Using build modules: lib_i2c(3.0.0) lib_logging(2.0.0) lib_xassert(2.0.0)
Analyzing main.xc
Propagating analysis
Creating dependencies for main.xc
Compiling main.xc
Creating game_of_life.xe
Build Complete
14:15:00 **** Incremental Build of configuration Default for project game_of_life ****
xmake all 
Checking build modules
Using build modules: lib_i2c(3.0.0) lib_logging(2.0.0) lib_xassert(2.0.0)
xmake[1]: `bin//game_of_life.xe' is up to date.
Build Complete
14:21:19 **** Incremental Build of configuration Default for project game_of_life ****
xmake all 
Checking build modules
Using build modules: lib_i2c(3.0.0) lib_logging(2.0.0) lib_xassert(2.0.0)
Analyzing main.xc
Propagating analysis
Creating dependencies for main.xc
Compiling main.xc
Creating game_of_life.xe
Build Complete
14:30:08 **** Incremental Build of configuration Default for project game_of_life ****
xmake all 
Checking build modules
Using build modules: lib_i2c(3.0.0) lib_logging(2.0.0) lib_xassert(2.0.0)
Analyzing main.xc
Propagating analysis
Creating dependencies for main.xc
Compiling main.xc
Creating game_of_life.xe
Build Complete
14:30:47 **** Incremental Build of configuration Default for project game_of_life ****
xmake all 
Checking build modules
Using build modules: lib_i2c(3.0.0) lib_logging(2.0.0) lib_xassert(2.0.0)
Analyzing main.xc
Creating dependencies for main.xc
Compiling main.xc
Creating game_of_life.xe
Build Complete
14:34:25 **** Incremental Build of configuration Default for project game_of_life ****
xmake all 
Checking build modules
Using build modules: lib_i2c(3.0.0) lib_logging(2.0.0) lib_xassert(2.0.0)
Analyzing main.xc
Creating dependencies for main.xc
Compiling main.xc
Creating game_of_life.xe
Build Complete
14:38:22 **** Incremental Build of configuration Default for project game_of_life ****
xmake all 
Checking build modules
Using build modules: lib_i2c(3.0.0) lib_logging(2.0.0) lib_xassert(2.0.0)
Analyzing main.xc
Creating dependencies for main.xc
Compiling main.xc
Creating game_of_life.xe
Build Complete
14:49:31 **** Incremental Build of configuration Default for project game_of_life ****
xmake all 
Checking build modules
Using build modules: lib_i2c(3.0.0) lib_logging(2.0.0) lib_xassert(2.0.0)
Analyzing main.xc
Propagating analysis
Creating dependencies for main.xc
Compiling main.xc
Creating game_of_life.xe
Build Complete
14:50:55 **** Incremental Build of configuration Default for project game_of_life ****
xmake all 
Checking build modules
Using build modules: lib_i2c(3.0.0) lib_logging(2.0.0) lib_xassert(2.0.0)
Analyzing main.xc
Creating dependencies for main.xc
Compiling main.xc
Creating game_of_life.xe
Build Complete
14:54:12 **** Incremental Build of configuration Default for project game_of_life ****
xmake all 
Checking build modules
Using build modules: lib_i2c(3.0.0) lib_logging(2.0.0) lib_xassert(2.0.0)
Analyzing main.xc
../src/main.xc:454:27: error: use of undeclared identifer `self'
        selfCopyLeft[x] = self[x];
                          ^
xmake[1]: *** [.build/src/main.xc.pca.xml.decouple] Error 1
xmake: *** [analyze] Error 2
14:54:27 **** Incremental Build of configuration Default for project game_of_life ****
xmake all 
Checking build modules
Using build modules: lib_i2c(3.0.0) lib_logging(2.0.0) lib_xassert(2.0.0)
Analyzing main.xc
Propagating analysis
Creating dependencies for main.xc
Compiling main.xc
Creating game_of_life.xe
Build Complete
14:57:18 **** Incremental Build of configuration Default for project game_of_life ****
xmake all 
Checking build modules
Using build modules: lib_i2c(3.0.0) lib_logging(2.0.0) lib_xassert(2.0.0)
Analyzing main.xc
../src/main.xc:103:32: warning: suggest parentheses around assignment used as truth value [-Wparentheses]
        if (numRoundsProcessed = MAX_ITERATIONS) state = 1;
            ~~~~~~~~~~~~~~~~~~~^~~~~~~~~~~~~~~~
Creating dependencies for main.xc
Compiling main.xc
../src/main.xc:103:32: warning: suggest parentheses around assignment used as truth value [-Wparentheses]
        if (numRoundsProcessed = MAX_ITERATIONS) state = 1;
            ~~~~~~~~~~~~~~~~~~~^~~~~~~~~~~~~~~~
Creating game_of_life.xe
Build Complete
15:00:02 **** Incremental Build of configuration Default for project game_of_life ****
xmake all 
Checking build modules
Using build modules: lib_i2c(3.0.0) lib_logging(2.0.0) lib_xassert(2.0.0)
Analyzing main.xc
../src/main.xc:103:32: warning: suggest parentheses around assignment used as truth value [-Wparentheses]
        if (numRoundsProcessed = MAX_ITERATIONS) state = 1;
            ~~~~~~~~~~~~~~~~~~~^~~~~~~~~~~~~~~~
../src/main.xc:483:33: error: parse error before ',' token
        for (int s = 0; s < IMWD, s++) {
                                ^
../src/main.xc:486:16: error: parse error before string constant
        printf("\n");
               ^
../src/main.xc:486:9: warning: return type defaults to `int' [-Wreturn-type]
        printf("\n");
        ^~~~~~~~~~~~
../src/main.xc:486:9: error: conflicting types for 'printf'
        printf("\n");
        ^~~~~~~~~~~~
../src/main.xc:489:9: error: parse error before "for"
        for (int i = 0; i < NUM_INTS_PER_ROW; i++) {
        ^
../src/main.xc:489:25: warning: type defaults to `int' in declaration of `i' [-Wimplicit-int]
        for (int i = 0; i < NUM_INTS_PER_ROW; i++) {
                        ^
../src/main.xc:489:25: warning: data definition has no type or storage class [-Wunusual-code]
        for (int i = 0; i < NUM_INTS_PER_ROW; i++) {
                        ^
../src/main.xc:489:27: error: parse error before '<' token
        for (int i = 0; i < NUM_INTS_PER_ROW; i++) {
                          ^
../src/main.xc:489:47: warning: type defaults to `int' in declaration of `i' [-Wimplicit-int]
        for (int i = 0; i < NUM_INTS_PER_ROW; i++) {
                                              ^
../src/main.xc:489:47: warning: data definition has no type or storage class [-Wunusual-code]
        for (int i = 0; i < NUM_INTS_PER_ROW; i++) {
                                              ^
../src/main.xc:676:20: error: parse error before "line"
    _writeoutline( line, IMWD );
                   ^
../src/main.xc:676:5: warning: return type defaults to `int' [-Wreturn-type]
    _writeoutline( line, IMWD );
    ^~~~~~~~~~~~~~~~~~~~~~~~~~~
../src/main.xc:676:5: error: conflicting types for '_writeoutline'
    _writeoutline( line, IMWD );
    ^~~~~~~~~~~~~~~~~~~~~~~~~~~
../src/pgmIO.h:16:1: note: previous declaration of '_writeoutline' was here
int _writeoutline(unsigned char line[], int width);
^~~~~~~~~~~~~~~~~~~~~~~~~~~~~~~~~~~~~~~~~~~~~~~~~~
../src/main.xc:677:13: error: parse error before string constant
    printf( "DataOutStream: Line written...\n" );
            ^
../src/main.xc:677:5: warning: return type defaults to `int' [-Wreturn-type]
    printf( "DataOutStream: Line written...\n" );
    ^~~~~~~~~~~~~~~~~~~~~~~~~~~~~~~~~~~~~~~~~~~~
../src/main.xc:682:11: error: parse error before string constant
  printf( "DataOutStream: Done...\n" );
          ^
../src/main.xc:682:3: warning: return type defaults to `int' [-Wreturn-type]
  printf( "DataOutStream: Done...\n" );
  ^~~~~~~~~~~~~~~~~~~~~~~~~~~~~~~~~~~~
../src/main.xc:684:1: error: parse error before '}' token
}
^
../src/main.xc:697:12: error: use of undeclared identifer `i2c'
  result = i2c.write_reg(FXOS8700EQ_I2C_ADDR, FXOS8700EQ_XYZ_DATA_CFG_REG, 0x01);
           ^
../src/main.xc:697:3: warning: type defaults to `int' in declaration of `result' [-Wimplicit-int]
  result = i2c.write_reg(FXOS8700EQ_I2C_ADDR, FXOS8700EQ_XYZ_DATA_CFG_REG, 0x01);
  ^~~~~~
../src/main.xc:697:3: warning: data definition has no type or storage class [-Wunusual-code]
  result = i2c.write_reg(FXOS8700EQ_I2C_ADDR, FXOS8700EQ_XYZ_DATA_CFG_REG, 0x01);
  ^~~~~~
../src/main.xc:697:16: error: trying to call interface function from something that is not an interface
  result = i2c.write_reg(FXOS8700EQ_I2C_ADDR, FXOS8700EQ_XYZ_DATA_CFG_REG, 0x01);
           ~~~~^~~~~~~~~~~~~~~~~~~~~~~~~~~~~~~~~~~~~~~~~~~~~~~~~~~~~~~~~~~~~~~~~
../src/main.xc:698:3: error: parse error before "if"
  if (result != I2C_REGOP_SUCCESS) {
  ^
../src/main.xc:700:3: error: parse error before '}' token
  }
  ^
../src/main.xc:704:3: error: parse error before "if"
  if (result != I2C_REGOP_SUCCESS) {
  ^
../src/main.xc:706:3: error: parse error before '}' token
  }
  ^
../src/main.xc:713:7: warning: type defaults to `int' in declaration of `toStateManager' [-Wimplicit-int]
      toStateManager <: tilted;
      ^~~~~~~~~~~~~~
../src/main.xc:713:7: warning: data definition has no type or storage class [-Wunusual-code]
      toStateManager <: tilted;
      ^~~~~~~~~~~~~~
../src/main.xc:713:23: error: parse error before '<:' token
      toStateManager <: tilted;
                      ^
../src/main.xc:713:25: warning: type defaults to `int' in declaration of `tilted' [-Wimplicit-int]
      toStateManager <: tilted;
                        ^~~~~~
../src/main.xc:713:25: warning: data definition has no type or storage class [-Wunusual-code]
      toStateManager <: tilted;
                        ^~~~~~
../src/main.xc:713:25: error: conflicting types for 'tilted'
      toStateManager <: tilted;
                        ^~~~~~
../src/main.xc:694:17: note: previous definition of 'tilted' was here
  unsigned char tilted = 0;
                ^~~~~~
../src/main.xc:717:13: error: initializer element is not constant
    int x = read_acceleration(i2c, FXOS8700EQ_OUT_X_MSB);
            ^~~~~~~~~~~~~~~~~~~~~~~~~~~~~~~~~~~~~~~~~~~~
../src/main.xc:718:5: error: parse error before "if"
    if (!tilted) {
    ^
../src/main.xc:721:13: warning: type defaults to `int' in declaration of `toStateManager' [-Wimplicit-int]
            toStateManager <: tilted;
            ^~~~~~~~~~~~~~
../src/main.xc:721:13: warning: data definition has no type or storage class [-Wunusual-code]
            toStateManager <: tilted;
            ^~~~~~~~~~~~~~
../src/main.xc:721:29: error: parse error before '<:' token
            toStateManager <: tilted;
                            ^
../src/main.xc:721:31: warning: type defaults to `int' in declaration of `tilted' [-Wimplicit-int]
            toStateManager <: tilted;
                              ^~~~~~
../src/main.xc:721:31: warning: data definition has no type or storage class [-Wunusual-code]
            toStateManager <: tilted;
                              ^~~~~~
../src/main.xc:726:13: warning: type defaults to `int' in declaration of `toStateManager' [-Wimplicit-int]
            toStateManager <: tilted;
            ^~~~~~~~~~~~~~
../src/main.xc:726:13: warning: data definition has no type or storage class [-Wunusual-code]
            toStateManager <: tilted;
            ^~~~~~~~~~~~~~
../src/main.xc:726:29: error: parse error before '<:' token
            toStateManager <: tilted;
                            ^
../src/main.xc:726:31: warning: type defaults to `int' in declaration of `tilted' [-Wimplicit-int]
            toStateManager <: tilted;
                              ^~~~~~
../src/main.xc:726:31: warning: data definition has no type or storage class [-Wunusual-code]
            toStateManager <: tilted;
                              ^~~~~~
../src/main.xc:745:6: error: global variable `c_inIO' has type chan
chan c_inIO, c_outIO;   //extend your channel definitions here
     ^~~~~~
../src/main.xc:745:14: error: global variable `c_outIO' has type chan
chan c_inIO, c_outIO;   //extend your channel definitions here
             ^~~~~~~
../src/main.xc:746:6: error: global variable `stateToOrientation' has type chan
chan stateToOrientation, stateToDistributor;
     ^~~~~~~~~~~~~~~~~~
../src/main.xc:746:26: error: global variable `stateToDistributor' has type chan
chan stateToOrientation, stateToDistributor;
                         ^~~~~~~~~~~~~~~~~~
../src/main.xc:747:1: error: parse error before "par"
par {
^
../src/main.xc:749:29: error: parse error before "i2c"
    on tile[0]: orientation(i2c[0], stateToOrientation);                 //client thread reading orientation data
                            ^
../src/main.xc:749:17: warning: return type defaults to `int' [-Wreturn-type]
    on tile[0]: orientation(i2c[0], stateToOrientation);                 //client thread reading orientation data
                ^~~~~~~~~~~~~~~~~~~~~~~~~~~~~~~~~~~~~~~
../src/main.xc:750:30: error: parse error before string constant
    on tile[1]: DataInStream("64x64.pgm", c_inIO);                           //thread to read in a PGM image
                             ^
../src/main.xc:750:17: warning: return type defaults to `int' [-Wreturn-type]
    on tile[1]: DataInStream("64x64.pgm", c_inIO);                           //thread to read in a PGM image
                ^~~~~~~~~~~~~~~~~~~~~~~~~~~~~~~~~
../src/main.xc:750:17: error: conflicting types for 'DataInStream'
    on tile[1]: DataInStream("64x64.pgm", c_inIO);                           //thread to read in a PGM image
                ^~~~~~~~~~~~~~~~~~~~~~~~~~~~~~~~~
../src/main.xc:57:6: note: previous definition of 'DataInStream' was here
void DataInStream(char infname[], chanend c_out)
     ^~~~~~~~~~~~~~~~~~~~~~~~~~~~~~~~~~~~~~~~~~~
../src/main.xc:751:31: error: parse error before string constant
    on tile[1]: DataOutStream("testout.pgm", c_outIO);                        //thread to write out a PGM image
                              ^
../src/main.xc:751:17: warning: return type defaults to `int' [-Wreturn-type]
    on tile[1]: DataOutStream("testout.pgm", c_outIO);                        //thread to write out a PGM image
                ^~~~~~~~~~~~~~~~~~~~~~~~~~~~~~~~~~~~~
../src/main.xc:752:30: error: parse error before "stateToOrientation"
    on tile[0]: stateManager(stateToOrientation, stateToDistributor);
                             ^
../src/main.xc:752:17: warning: return type defaults to `int' [-Wreturn-type]
    on tile[0]: stateManager(stateToOrientation, stateToDistributor);
                ^~~~~~~~~~~~~~~~~~~~~~~~~~~~~~~~~~~~~~~~~~~~~~~~~~~~
../src/main.xc:752:17: error: conflicting types for 'stateManager'
    on tile[0]: stateManager(stateToOrientation, stateToDistributor);
                ^~~~~~~~~~~~~~~~~~~~~~~~~~~~~~~~~~~~~~~~~~~~~~~~~~~~
../src/main.xc:86:6: note: previous definition of 'stateManager' was here
void stateManager(chanend fromAcc, chanend toDistributor) {
     ^~~~~~~~~~~~~~~~~~~~~~~~~~~~~~~~~~~~~~~~~~~~~~~~~~~~
../src/main.xc:753:29: error: parse error before "c_inIO"
    on tile[0]: distributor(c_inIO, c_outIO, stateToDistributor);        //thread to coordinate work on image
                            ^
../src/main.xc:753:17: warning: return type defaults to `int' [-Wreturn-type]
    on tile[0]: distributor(c_inIO, c_outIO, stateToDistributor);        //thread to coordinate work on image
                ^~~~~~~~~~~~~~~~~~~~~~~~~~~~~~~~~~~~~~~~~~~~~~~~
../src/main.xc:753:17: error: conflicting types for 'distributor'
    on tile[0]: distributor(c_inIO, c_outIO, stateToDistributor);        //thread to coordinate work on image
                ^~~~~~~~~~~~~~~~~~~~~~~~~~~~~~~~~~~~~~~~~~~~~~~~
../src/main.xc:116:6: note: previous definition of 'distributor' was here
void distributor(chanend c_in, chanend c_out, chanend fromStateManager)
     ^~~~~~~~~~~~~~~~~~~~~~~~~~~~~~~~~~~~~~~~~~~~~~~~~~~~~~~~~~~~~~~~~~
../src/main.xc:757:1: error: parse error before '}' token
}
^
xmake[1]: *** [.build/src/main.xc.pca.xml.decouple] Error 1
xmake: *** [analyze] Error 2
15:00:18 **** Incremental Build of configuration Default for project game_of_life ****
xmake all 
Checking build modules
Using build modules: lib_i2c(3.0.0) lib_logging(2.0.0) lib_xassert(2.0.0)
Analyzing main.xc
../src/main.xc:103:32: warning: suggest parentheses around assignment used as truth value [-Wparentheses]
        if (numRoundsProcessed = MAX_ITERATIONS) state = 1;
            ~~~~~~~~~~~~~~~~~~~^~~~~~~~~~~~~~~~
Propagating analysis
Creating dependencies for main.xc
Compiling main.xc
../src/main.xc:103:32: warning: suggest parentheses around assignment used as truth value [-Wparentheses]
        if (numRoundsProcessed = MAX_ITERATIONS) state = 1;
            ~~~~~~~~~~~~~~~~~~~^~~~~~~~~~~~~~~~
Creating game_of_life.xe
Build Complete
15:05:00 **** Incremental Build of configuration Default for project game_of_life ****
xmake all 
Checking build modules
Using build modules: lib_i2c(3.0.0) lib_logging(2.0.0) lib_xassert(2.0.0)
Analyzing main.xc
../src/main.xc:103:32: warning: suggest parentheses around assignment used as truth value [-Wparentheses]
        if (numRoundsProcessed = MAX_ITERATIONS) state = 1;
            ~~~~~~~~~~~~~~~~~~~^~~~~~~~~~~~~~~~
Propagating analysis
Creating dependencies for main.xc
Compiling main.xc
../src/main.xc:103:32: warning: suggest parentheses around assignment used as truth value [-Wparentheses]
        if (numRoundsProcessed = MAX_ITERATIONS) state = 1;
            ~~~~~~~~~~~~~~~~~~~^~~~~~~~~~~~~~~~
Creating game_of_life.xe
Build Complete
15:08:26 **** Incremental Build of configuration Default for project game_of_life ****
xmake all 
Checking build modules
Using build modules: lib_i2c(3.0.0) lib_logging(2.0.0) lib_xassert(2.0.0)
Analyzing main.xc
../src/main.xc:103:32: warning: suggest parentheses around assignment used as truth value [-Wparentheses]
        if (numRoundsProcessed = MAX_ITERATIONS) state = 1;
            ~~~~~~~~~~~~~~~~~~~^~~~~~~~~~~~~~~~
Propagating analysis
Creating dependencies for main.xc
Compiling main.xc
../src/main.xc:103:32: warning: suggest parentheses around assignment used as truth value [-Wparentheses]
        if (numRoundsProcessed = MAX_ITERATIONS) state = 1;
            ~~~~~~~~~~~~~~~~~~~^~~~~~~~~~~~~~~~
Creating game_of_life.xe
Build Complete
15:11:11 **** Incremental Build of configuration Default for project game_of_life ****
xmake all 
Checking build modules
Using build modules: lib_i2c(3.0.0) lib_logging(2.0.0) lib_xassert(2.0.0)
Analyzing main.xc
../src/main.xc:103:32: warning: suggest parentheses around assignment used as truth value [-Wparentheses]
        if (numRoundsProcessed = MAX_ITERATIONS) state = 1;
            ~~~~~~~~~~~~~~~~~~~^~~~~~~~~~~~~~~~
Propagating analysis
Creating dependencies for main.xc
Compiling main.xc
../src/main.xc:103:32: warning: suggest parentheses around assignment used as truth value [-Wparentheses]
        if (numRoundsProcessed = MAX_ITERATIONS) state = 1;
            ~~~~~~~~~~~~~~~~~~~^~~~~~~~~~~~~~~~
Creating game_of_life.xe
Build Complete
15:12:47 **** Incremental Build of configuration Default for project game_of_life ****
xmake all 
Checking build modules
Using build modules: lib_i2c(3.0.0) lib_logging(2.0.0) lib_xassert(2.0.0)
Analyzing main.xc
../src/main.xc:103:32: warning: suggest parentheses around assignment used as truth value [-Wparentheses]
        if (numRoundsProcessed = MAX_ITERATIONS) state = 1;
            ~~~~~~~~~~~~~~~~~~~^~~~~~~~~~~~~~~~
Creating dependencies for main.xc
Compiling main.xc
../src/main.xc:103:32: warning: suggest parentheses around assignment used as truth value [-Wparentheses]
        if (numRoundsProcessed = MAX_ITERATIONS) state = 1;
            ~~~~~~~~~~~~~~~~~~~^~~~~~~~~~~~~~~~
Creating game_of_life.xe
Build Complete
15:15:34 **** Incremental Build of configuration Default for project game_of_life ****
xmake all 
Checking build modules
Using build modules: lib_i2c(3.0.0) lib_logging(2.0.0) lib_xassert(2.0.0)
Analyzing main.xc
../src/main.xc:103:32: warning: suggest parentheses around assignment used as truth value [-Wparentheses]
        if (numRoundsProcessed = MAX_ITERATIONS) state = 1;
            ~~~~~~~~~~~~~~~~~~~^~~~~~~~~~~~~~~~
Creating dependencies for main.xc
Compiling main.xc
../src/main.xc:103:32: warning: suggest parentheses around assignment used as truth value [-Wparentheses]
        if (numRoundsProcessed = MAX_ITERATIONS) state = 1;
            ~~~~~~~~~~~~~~~~~~~^~~~~~~~~~~~~~~~
Creating game_of_life.xe
Build Complete
15:18:42 **** Incremental Build of configuration Default for project game_of_life ****
xmake all 
Checking build modules
Using build modules: lib_i2c(3.0.0) lib_logging(2.0.0) lib_xassert(2.0.0)
Analyzing main.xc
../src/main.xc:103:32: warning: suggest parentheses around assignment used as truth value [-Wparentheses]
        if (numRoundsProcessed = MAX_ITERATIONS) state = 1;
            ~~~~~~~~~~~~~~~~~~~^~~~~~~~~~~~~~~~
Creating dependencies for main.xc
Compiling main.xc
../src/main.xc:103:32: warning: suggest parentheses around assignment used as truth value [-Wparentheses]
        if (numRoundsProcessed = MAX_ITERATIONS) state = 1;
            ~~~~~~~~~~~~~~~~~~~^~~~~~~~~~~~~~~~
Creating game_of_life.xe
Build Complete
15:20:19 **** Incremental Build of configuration Default for project game_of_life ****
xmake all 
Checking build modules
Using build modules: lib_i2c(3.0.0) lib_logging(2.0.0) lib_xassert(2.0.0)
Analyzing main.xc
../src/main.xc:103:32: warning: suggest parentheses around assignment used as truth value [-Wparentheses]
        if (numRoundsProcessed = MAX_ITERATIONS) state = 1;
            ~~~~~~~~~~~~~~~~~~~^~~~~~~~~~~~~~~~
Propagating analysis
Creating dependencies for main.xc
Compiling main.xc
../src/main.xc:103:32: warning: suggest parentheses around assignment used as truth value [-Wparentheses]
        if (numRoundsProcessed = MAX_ITERATIONS) state = 1;
            ~~~~~~~~~~~~~~~~~~~^~~~~~~~~~~~~~~~
Creating game_of_life.xe
Build Complete
15:22:50 **** Incremental Build of configuration Default for project game_of_life ****
xmake all 
Checking build modules
Using build modules: lib_i2c(3.0.0) lib_logging(2.0.0) lib_xassert(2.0.0)
Analyzing main.xc
../src/main.xc:103:32: warning: suggest parentheses around assignment used as truth value [-Wparentheses]
        if (numRoundsProcessed = MAX_ITERATIONS) state = 1;
            ~~~~~~~~~~~~~~~~~~~^~~~~~~~~~~~~~~~
Creating dependencies for main.xc
Compiling main.xc
../src/main.xc:103:32: warning: suggest parentheses around assignment used as truth value [-Wparentheses]
        if (numRoundsProcessed = MAX_ITERATIONS) state = 1;
            ~~~~~~~~~~~~~~~~~~~^~~~~~~~~~~~~~~~
Creating game_of_life.xe
Build Complete
15:24:22 **** Incremental Build of configuration Default for project game_of_life ****
xmake all 
Checking build modules
Using build modules: lib_i2c(3.0.0) lib_logging(2.0.0) lib_xassert(2.0.0)
Analyzing main.xc
Creating dependencies for main.xc
Compiling main.xc
Creating game_of_life.xe
Build Complete
15:24:40 **** Incremental Build of configuration Default for project game_of_life ****
xmake all 
Checking build modules
Using build modules: lib_i2c(3.0.0) lib_logging(2.0.0) lib_xassert(2.0.0)
Analyzing main.xc
Creating dependencies for main.xc
Compiling main.xc
Creating game_of_life.xe
Build Complete
15:27:19 **** Incremental Build of configuration Default for project game_of_life ****
xmake all 
Checking build modules
Using build modules: lib_i2c(3.0.0) lib_logging(2.0.0) lib_xassert(2.0.0)
Analyzing main.xc
Creating dependencies for main.xc
Compiling main.xc
Creating game_of_life.xe
Build Complete
15:29:00 **** Incremental Build of configuration Default for project game_of_life ****
xmake all 
Checking build modules
Using build modules: lib_i2c(3.0.0) lib_logging(2.0.0) lib_xassert(2.0.0)
Analyzing main.xc
Creating dependencies for main.xc
Compiling main.xc
Creating game_of_life.xe
Build Complete
